<?xml version="1.0" encoding="UTF-8"?>
<!-- Generated by org.testng.reporters.JUnitXMLReporter -->
<testsuite ignored="0" hostname="DESKTOP-DNNLI2L" failures="0" tests="2" name="Error Validations Test" time="0.199" errors="0" timestamp="2024-12-16T18:45:22 WEST">
  <testcase classname="imadidrissi.tests.ErrorValidationsTest" name="LoginErrorValidation" time="0.0">
    <skipped/>
  </testcase> <!-- LoginErrorValidation -->
  <testcase classname="imadidrissi.tests.ErrorValidationsTest" name="ProductErrorValidation" time="0.002">
    <skipped/>
  </testcase> <!-- ProductErrorValidation -->
</testsuite> <!-- Error Validations Test -->
