<?xml version="1.0" encoding="UTF-8"?>
<!-- Generated by org.testng.reporters.JUnitXMLReporter -->
<testsuite ignored="0" hostname="DESKTOP-DNNLI2L" failures="0" tests="0" name="Submit Order Test" time="0.07" errors="0" timestamp="2024-12-16T18:45:22 WEST">
  <testcase classname="imadidrissi.TestComponents.BaseTest" name="@BeforeMethod launchApplication" time="0.014">
    <failure type="java.io.FileNotFoundException" message="C:\Mamp2\SeleniumFrameworkDesiggn\src\main\java\rahulshettyacademy\ressouces\GlobalData.properties (Le chemin d’accès spécifié est introuvable)">
      <![CDATA[java.io.FileNotFoundException: C:\Mamp2\SeleniumFrameworkDesiggn\src\main\java\rahulshettyacademy\ressouces\GlobalData.properties (Le chemin d’accès spécifié est introuvable)
at java.base/java.io.FileInputStream.open0(Native Method)
at java.base/java.io.FileInputStream.open(FileInputStream.java:216)
at java.base/java.io.FileInputStream.<init>(FileInputStream.java:157)
at java.base/java.io.FileInputStream.<init>(FileInputStream.java:111)
at imadidrissi.TestComponents.BaseTest.initializeDriver(BaseTest.java:34)
at imadidrissi.TestComponents.BaseTest.launchApplication(BaseTest.java:78)
at java.base/java.util.ArrayList.forEach(ArrayList.java:1511)
at java.base/java.util.concurrent.FutureTask.run(FutureTask.java:264)
at java.base/java.util.concurrent.ThreadPoolExecutor.runWorker(ThreadPoolExecutor.java:1136)
at java.base/java.util.concurrent.ThreadPoolExecutor$Worker.run(ThreadPoolExecutor.java:635)
at java.base/java.lang.Thread.run(Thread.java:833)
... Removed 21 stack frames]]>
    </failure>
  </testcase> <!-- @BeforeMethod launchApplication -->
  <testcase classname="imadidrissi.TestComponents.BaseTest" name="@AfterMethod tearDown" time="0.004">
    <failure type="java.lang.NullPointerException" message="Cannot invoke &amp;quot;org.openqa.selenium.WebDriver.close()&amp;quot; because &amp;quot;this.driver&amp;quot; is null">
      <![CDATA[java.lang.NullPointerException: Cannot invoke "org.openqa.selenium.WebDriver.close()" because "this.driver" is null
at imadidrissi.TestComponents.BaseTest.tearDown(BaseTest.java:85)
at java.base/java.util.ArrayList.forEach(ArrayList.java:1511)
at java.base/java.util.concurrent.FutureTask.run(FutureTask.java:264)
at java.base/java.util.concurrent.ThreadPoolExecutor.runWorker(ThreadPoolExecutor.java:1136)
at java.base/java.util.concurrent.ThreadPoolExecutor$Worker.run(ThreadPoolExecutor.java:635)
at java.base/java.lang.Thread.run(Thread.java:833)
... Removed 22 stack frames]]>
    </failure>
  </testcase> <!-- @AfterMethod tearDown -->
  <testcase classname="imadidrissi.TestComponents.BaseTest" name="@BeforeMethod launchApplication" time="0.001">
    <failure type="java.io.FileNotFoundException" message="C:\Mamp2\SeleniumFrameworkDesiggn\src\main\java\rahulshettyacademy\ressouces\GlobalData.properties (Le chemin d’accès spécifié est introuvable)">
      <![CDATA[java.io.FileNotFoundException: C:\Mamp2\SeleniumFrameworkDesiggn\src\main\java\rahulshettyacademy\ressouces\GlobalData.properties (Le chemin d’accès spécifié est introuvable)
at java.base/java.io.FileInputStream.open0(Native Method)
at java.base/java.io.FileInputStream.open(FileInputStream.java:216)
at java.base/java.io.FileInputStream.<init>(FileInputStream.java:157)
at java.base/java.io.FileInputStream.<init>(FileInputStream.java:111)
at imadidrissi.TestComponents.BaseTest.initializeDriver(BaseTest.java:34)
at imadidrissi.TestComponents.BaseTest.launchApplication(BaseTest.java:78)
at java.base/java.util.ArrayList.forEach(ArrayList.java:1511)
at java.base/java.util.concurrent.FutureTask.run(FutureTask.java:264)
at java.base/java.util.concurrent.ThreadPoolExecutor.runWorker(ThreadPoolExecutor.java:1136)
at java.base/java.util.concurrent.ThreadPoolExecutor$Worker.run(ThreadPoolExecutor.java:635)
at java.base/java.lang.Thread.run(Thread.java:833)
... Removed 21 stack frames]]>
    </failure>
  </testcase> <!-- @BeforeMethod launchApplication -->
  <testcase classname="imadidrissi.TestComponents.BaseTest" name="@AfterMethod tearDown" time="0.001">
    <failure type="java.lang.NullPointerException" message="Cannot invoke &amp;quot;org.openqa.selenium.WebDriver.close()&amp;quot; because &amp;quot;this.driver&amp;quot; is null">
      <![CDATA[java.lang.NullPointerException: Cannot invoke "org.openqa.selenium.WebDriver.close()" because "this.driver" is null
at imadidrissi.TestComponents.BaseTest.tearDown(BaseTest.java:85)
at java.base/java.util.ArrayList.forEach(ArrayList.java:1511)
at java.base/java.util.concurrent.FutureTask.run(FutureTask.java:264)
at java.base/java.util.concurrent.ThreadPoolExecutor.runWorker(ThreadPoolExecutor.java:1136)
at java.base/java.util.concurrent.ThreadPoolExecutor$Worker.run(ThreadPoolExecutor.java:635)
at java.base/java.lang.Thread.run(Thread.java:833)
... Removed 22 stack frames]]>
    </failure>
  </testcase> <!-- @AfterMethod tearDown -->
</testsuite> <!-- Submit Order Test -->
